1529553478015	geckodriver	INFO	geckodriver 0.20.1
1529553478020	geckodriver	INFO	Listening on 127.0.0.1:58257
1529553479022	mozrunner::runner	INFO	Running command: "/usr/bin/firefox" "-marionette" "--headless" "--disable-gpu" "--window-size=1920x1080" "-profile" "/tmp/rust_mozprofile.IDjT7HHKd9w9"
*** You are running in headless mode.
1529553487352	Marionette	INFO	Listening on port 43537
1529553487367	Marionette	WARN	TLS certificate errors will be ignored for this session
*** UTM:SVC TimerManager:registerTimer called after profile-before-change notification. Ignoring timer registration for id: telemetry_modules_ping
1529559321254	geckodriver	INFO	geckodriver 0.20.1
1529559321258	geckodriver	INFO	Listening on 127.0.0.1:51957
1529559322292	mozrunner::runner	INFO	Running command: "/usr/bin/firefox" "-marionette" "--headless" "--disable-gpu" "--window-size=1920x1080" "-profile" "/tmp/rust_mozprofile.RwdDvT8NVRM0"
*** You are running in headless mode.
Traceback (most recent call last):
  File "/usr/bin/lsb_release", line 20, in <module>
    from optparse import OptionParser
  File "/usr/lib/python3.5/optparse.py", line 76, in <module>
    import textwrap
  File "/usr/lib/python3.5/textwrap.py", line 8, in <module>
    import re
  File "/usr/lib/python3.5/re.py", line 123, in <module>
    import sre_compile
  File "/usr/lib/python3.5/sre_compile.py", line 14, in <module>
    import sre_parse
  File "<frozen importlib._bootstrap>", line 969, in _find_and_load
  File "<frozen importlib._bootstrap>", line 958, in _find_and_load_unlocked
  File "<frozen importlib._bootstrap>", line 673, in _load_unlocked
  File "<frozen importlib._bootstrap_external>", line 669, in exec_module
  File "<frozen importlib._bootstrap_external>", line 758, in get_code
  File "<frozen importlib._bootstrap_external>", line 827, in get_data
KeyboardInterrupt
1529657537879	geckodriver	INFO	geckodriver 0.20.1
1529657537914	geckodriver	INFO	Listening on 127.0.0.1:58532
1529657538910	mozrunner::runner	INFO	Running command: "/usr/bin/firefox" "-marionette" "--headless" "--disable-gpu" "--window-size=1920x1080" "-profile" "/tmp/rust_mozprofile.6mRpH0PXzCwa"
*** You are running in headless mode.
1529657550603	Marionette	INFO	Listening on port 39528
1529657550813	Marionette	WARN	TLS certificate errors will be ignored for this session
1529657632188	geckodriver	INFO	geckodriver 0.20.1
1529657632192	geckodriver	INFO	Listening on 127.0.0.1:52454
1529657633197	mozrunner::runner	INFO	Running command: "/usr/bin/firefox" "-marionette" "--headless" "--disable-gpu" "--window-size=1920x1080" "-profile" "/tmp/rust_mozprofile.a5KmgLM4OG92"
*** You are running in headless mode.
1529657637076	Marionette	INFO	Listening on port 41306
1529657637118	Marionette	WARN	TLS certificate errors will be ignored for this session
[Child 17620, Chrome_ChildThread] WARNING: pipe error (3): Connection reset by peer: file /builds/worker/workspace/build/src/ipc/chromium/src/chrome/common/ipc_channel_posix.cc, line 353
1529657648356	geckodriver	INFO	geckodriver 0.20.1
1529657648368	geckodriver	INFO	Listening on 127.0.0.1:46807
1529657649366	mozrunner::runner	INFO	Running command: "/usr/bin/firefox" "-marionette" "--headless" "--disable-gpu" "--window-size=1920x1080" "-profile" "/tmp/rust_mozprofile.zBpV7R87w4Cr"
*** You are running in headless mode.
1529657653260	Marionette	INFO	Listening on port 50992
1529657653284	Marionette	WARN	TLS certificate errors will be ignored for this session
1529657692916	addons.productaddons	WARN	Failed downloading XML, status: 0, reason: timeout
